<php
<form method="POST" id="allpay_payment_form" action="https://payment-stage.ecpay.com.tw/Cashier/AioCheckOut"><input type="hidden" name="MerchantID" value="2000132"><input type="hidden" name="MerchantTradeNo" value="WC32TS6291072051"><input type="hidden" name="MerchantTradeDate" value="2017/08/14 09:12:06"><input type="hidden" name="PaymentType" value="aio"><input type="hidden" name="TotalAmount" value="100"><input type="hidden" name="TradeDesc" value="Woocommerce Payments"><input type="hidden" name="ItemName" value="Iphone 8 x 1"><input type="hidden" name="ChoosePayment" value="ALL"><input type="hidden" name="ReturnURL" value="http://localhost/wp/woo/wc-api/WC_innovext_allpay_aio/"><input type="hidden" name="PaymentInfoURL" value="http://localhost/wp/woo/wc-api/WC_innovext_allpay_aio/"><input type="hidden" name="ClientBackURL" value="http://localhost/wp/woo/checkout/order-received/32?key=wc_order_5991696536dce"><input type="hidden" name="OrderResultURL" value="http://localhost/wp/woo/checkout/order-received/32?key=wc_order_5991696536dce"><input type="hidden" name="CheckMacValue" value="7501401FB4459E1A852EC0CA937B3F06"></form>

<form method="POST" id="allpay_payment_form" action="https://payment-stage.ecpay.com.tw/Cashier/AioCheckOut">
<input type="hidden" name="MerchantID" value="2000132">
<input type="hidden" name="MerchantTradeNo" value="WC34TS6297272051">
<input type="hidden" name="MerchantTradeDate" value="2017/08/14 16:25:26">
<input type="hidden" name="PaymentType" value="aio">
<input type="hidden" name="TotalAmount" value="100">
<input type="hidden" name="TradeDesc" value="Woocommerce Payments">
<input type="hidden" name="ItemName" value="Iphone 8 x 1">
<input type="hidden" name="ChoosePayment" value="Credit">
<input type="hidden" name="ReturnURL"      value="http://localhost/wp/woo/wc-api/WC_innovext_allpay_aio/">
<input type="hidden" name="PaymentInfoURL" value="http://localhost/wp/woo/wc-api/WC_innovext_allpay_aio/">
<input type="hidden" name="ClientBackURL" value="http://localhost/wp/woo/checkout/order-received/34?key=wc_order_5991cef3b1aac">
<input type="hidden" name="OrderResultURL" value="http://localhost/wp/woo/checkout/order-received/34?key=wc_order_5991cef3b1aac">
<input type="hidden" name="Language" value="ENG"><input type="hidden" name="CheckMacValue" value="1069D64927564141421E4A9EB7E68A85"></form>
array(13) {
  ["MerchantID"]=>
  string(7) "2000132"
  ["MerchantTradeNo"]=>
  string(16) "WC42TS3737372051"
  ["MerchantTradeDate"]=>
  string(19) "2017/08/14 19:02:53"
  ["PaymentType"]=>
  string(3) "aio"
  ["TotalAmount"]=>
  float(100)
  ["TradeDesc"]=>
  string(20) "Woocommerce Payments"
  ["ItemName"]=>
  string(12) "Iphone 8 x 1"
  ["ChoosePayment"]=>
  string(3) "ALL"
  ["ReturnURL"]=>
  string(54) "http://localhost/wp/woo/wc-api/WC_innovext_allpay_aio/"
  ["PaymentInfoURL"]=>
  string(54) "http://localhost/wp/woo/wc-api/WC_innovext_allpay_aio/"
  ["ClientBackURL"]=>
  string(77) "http://localhost/wp/woo/checkout/order-received/42?key=wc_order_5991f3d966e1b"
  ["OrderResultURL"]=>
  string(77) "http://localhost/wp/woo/checkout/order-received/42?key=wc_order_5991f3d966e1b"
  ["ExpireDate"]=>
  string(1) "1"
}
array(13) {
  ["MerchantID"]=>
  string(7) "2000132"
  ["MerchantTradeNo"]=>
  string(14) "WCTS9357372051"
  ["MerchantTradeDate"]=>
  string(19) "2017/08/14 19:05:39"
  ["PaymentType"]=>
  string(3) "aio"
  ["TotalAmount"]=>
  float(5)
  ["TradeDesc"]=>
  string(3) "Mje"
  ["ItemName"]=>
  string(7) "Iphone9"
  ["ChoosePayment"]=>
  string(3) "ALL"
  ["ReturnURL"]=>
  string(40) "http://localhost/wp/mje/process-payment/"
  ["PaymentInfoURL"]=>
  string(40) "http://localhost/wp/mje/process-payment/"
  ["ClientBackURL"]=>
  string(40) "http://localhost/wp/mje/process-payment/"
  ["OrderResultURL"]=>
  string(40) "http://localhost/wp/mje/process-payment/"
  ["ExpireDate"]=>
  int(1)
}