CHECK in WooArray
(
    [AlipayID] => 
    [AlipayTradeNo] => 
    [amount] => 
    [ATMAccBank] => 
    [ATMAccNo] => 
    [auth_code] => 
    [card4no] => 
    [card6no] => 
    [CustomField1] => 
    [CustomField2] => 
    [CustomField3] => 
    [CustomField4] => 
    [eci] => 
    [ExecTimes] => 
    [Frequency] => 
    [gwsr] => 
    [MerchantID] => 2000132
    [MerchantTradeNo] => 2201180255422274
    [PayFrom] => 
    [PaymentDate] => 0001/01/01 00:00:00
    [PaymentNo] => 
    [PaymentType] => Credit_CreditCard
    [PaymentTypeChargeFee] => 5
    [PeriodAmount] => 
    [PeriodType] => 
    [process_date] => 
    [red_dan] => 
    [red_de_amt] => 
    [red_ok_amt] => 
    [red_yet] => 
    [RtnCode] => 10100058
    [RtnMsg] => 付款失敗
    [SimulatePaid] => 0
    [staed] => 
    [stage] => 
    [stast] => 
    [StoreID] => 
    [TenpayTradeNo] => 
    [TotalSuccessAmount] => 
    [TotalSuccessTimes] => 
    [TradeAmt] => 5
    [TradeDate] => 2022/01/18 02:55:42
    [TradeNo] => 2201180255427669
    [WebATMAccBank] => 
    [WebATMAccNo] => 
    [WebATMBankName] => 
    [CheckMacValue] => BBDFDD29EF17E90CA212640F4FB4727761BC5EECFE24353EB27947F1B323D5E1
)
